

Version:	3.8
CmdLine:	C:\Users\ִלטענטי\Documents\NetBeansProjects\InfoPI\dist\InfoPI.exe --l4j-debug
WOW64:		yes
Working dir:	C:\Users\ִלטענטי\Documents\NetBeansProjects\InfoPI\dist\.
Bundled JRE:	8.0
Check launcher:	C:\Users\ִלטענטי\Documents\NetBeansProjects\InfoPI\dist\8.0\bin\javaw.exe (not found)
Error msg:	This application was configured to use a bundled Java Runtime Environment but the runtime is missing or corrupted.


Version:	3.8
CmdLine:	C:\Users\ִלטענטי\Documents\NetBeansProjects\InfoPI\dist\InfoPI.exe --l4j-debug
WOW64:		yes
Working dir:	C:\Users\ִלטענטי\Documents\NetBeansProjects\InfoPI\dist\.
Bundled JRE:	8.0
Check launcher:	C:\Users\ִלטענטי\Documents\NetBeansProjects\InfoPI\dist\8.0\bin\javaw.exe (not found)
Error msg:	This application was configured to use a bundled Java Runtime Environment but the runtime is missing or corrupted.


Version:	3.8
CmdLine:	C:\Users\ִלטענטי\Documents\NetBeansProjects\InfoPI\dist\InfoPI.exe --l4j-debug
WOW64:		yes
Working dir:	C:\Users\ִלטענטי\Documents\NetBeansProjects\InfoPI\dist\.
Bundled JRE:	8.0
Check launcher:	C:\Users\ִלטענטי\Documents\NetBeansProjects\InfoPI\dist\8.0\bin\javaw.exe (not found)
Error msg:	This application was configured to use a bundled Java Runtime Environment but the runtime is missing or corrupted.
